<?xml version="1.0" encoding="UTF-8"?>
<!-- Generated by org.testng.reporters.JUnitXMLReporter -->
<testsuite ignored="0" hostname="Ajinkya" failures="2" tests="6" name="Test" time="9.217" errors="0" timestamp="2025-03-08T01:40:49 IST">
  <testcase classname="com.ec.testcases.LoginTest" name="validateTitle" time="0.01">
    <failure type="java.lang.NullPointerException" message="Cannot invoke &amp;quot;com.ec.pages.LoginPage.verifyLoginTitle()&amp;quot; because &amp;quot;this.lp&amp;quot; is null">
      <![CDATA[java.lang.NullPointerException: Cannot invoke "com.ec.pages.LoginPage.verifyLoginTitle()" because "this.lp" is null
at com.ec.testcases.LoginTest.validateTitle(LoginTest.java:29)
at java.base/java.util.ArrayList.forEach(ArrayList.java:1596)
... Removed 25 stack frames]]>
    </failure>
  </testcase> <!-- validateTitle -->
  <testcase classname="com.ec.testcases.LoginTest" name="validateForgotLink" time="0.002">
    <failure type="java.lang.NullPointerException" message="Cannot invoke &amp;quot;com.ec.pages.LoginPage.verifyforgotlink()&amp;quot; because &amp;quot;this.lp&amp;quot; is null">
      <![CDATA[java.lang.NullPointerException: Cannot invoke "com.ec.pages.LoginPage.verifyforgotlink()" because "this.lp" is null
at com.ec.testcases.LoginTest.validateForgotLink(LoginTest.java:34)
at java.base/java.util.ArrayList.forEach(ArrayList.java:1596)
... Removed 25 stack frames]]>
    </failure>
  </testcase> <!-- validateForgotLink -->
  <testcase classname="com.ec.testcases.LoginTest" name="validateLogin" time="5.921"/>
  <testcase classname="com.ec.testcases.HomeTest" name="validateLogo" time="0.05"/>
  <testcase classname="com.ec.testcases.HomeTest" name="validateWlcmText" time="0.049"/>
  <testcase classname="com.ec.testcases.HomeTest" name="validateHover" time="0.731"/>
</testsuite> <!-- Test -->
